<?xml version="1.0" encoding="UTF-8"?>
<!-- Generated by org.testng.reporters.JUnitXMLReporter -->
<testsuite ignored="0" hostname="venkatesh" failures="0" tests="3" name="Default test" time="39.71" errors="0" timestamp="2024-01-25T10:11:00 IST">
  <testcase classname="prjectdemopackage.Customer_cls2" name="browser" time="16.651"/>
  <testcase classname="prjectdemopackage.Customer_cls2" name="browser" time="11.265"/>
  <testcase classname="prjectdemopackage.Customer_cls2" name="browser" time="11.707"/>
</testsuite> <!-- Default test -->
