<?xml version="1.0" encoding="UTF-8"?>
<testng-results ignored="0" total="3" passed="3" failed="0" skipped="0">
  <reporter-output>
  </reporter-output>
  <suite started-at="2024-01-25T10:10:20 IST" name="Default suite" finished-at="2024-01-25T10:11:00 IST" duration-ms="39710">
    <groups>
    </groups>
    <test started-at="2024-01-25T10:10:20 IST" name="Default test" finished-at="2024-01-25T10:11:00 IST" duration-ms="39710">
      <class name="prjectdemopackage.Customer_cls2">
        <test-method signature="browser(java.lang.String,java.lang.String)[pri:0, instance:prjectdemopackage.Customer_cls2@2a54a73f]" started-at="2024-01-25T10:10:20 IST" name="browser" data-provider="loginTestData" finished-at="2024-01-25T10:10:37 IST" duration-ms="16651" status="PASS">
          <params>
            <param index="0">
              <value>
                <![CDATA[mngr547531]]>
              </value>
            </param>
            <param index="1">
              <value>
                <![CDATA[rYdYjah]]>
              </value>
            </param>
          </params>
          <reporter-output>
          </reporter-output>
        </test-method> <!-- browser -->
        <test-method signature="browser(java.lang.String,java.lang.String)[pri:0, instance:prjectdemopackage.Customer_cls2@2a54a73f]" started-at="2024-01-25T10:10:37 IST" name="browser" data-provider="loginTestData" finished-at="2024-01-25T10:10:48 IST" duration-ms="11265" status="PASS">
          <params>
            <param index="0">
              <value>
                <![CDATA[mngr547531]]>
              </value>
            </param>
            <param index="1">
              <value>
                <![CDATA[Venky@0]]>
              </value>
            </param>
          </params>
          <reporter-output>
          </reporter-output>
        </test-method> <!-- browser -->
        <test-method signature="browser(java.lang.String,java.lang.String)[pri:0, instance:prjectdemopackage.Customer_cls2@2a54a73f]" started-at="2024-01-25T10:10:48 IST" name="browser" data-provider="loginTestData" finished-at="2024-01-25T10:11:00 IST" duration-ms="11707" status="PASS">
          <params>
            <param index="0">
              <value>
                <![CDATA[mngr5431]]>
              </value>
            </param>
            <param index="1">
              <value>
                <![CDATA[rYdYjah]]>
              </value>
            </param>
          </params>
          <reporter-output>
          </reporter-output>
        </test-method> <!-- browser -->
      </class> <!-- prjectdemopackage.Customer_cls2 -->
    </test> <!-- Default test -->
  </suite> <!-- Default suite -->
</testng-results>
